# JRE version: Java(TM) SE Runtime Environment (7.0_65-b17) (build 1.7.0_65-b17)
# Java VM: Java HotSpot(TM) 64-Bit Server VM (24.65-b04 mixed mode linux-amd64 compressed oops)
Heap
 PSYoungGen      total 126976K, used 126496K [0x00000000ebe00000, 0x00000000f6500000, 0x0000000100000000)
  eden space 126464K, 100% used [0x00000000ebe00000,0x00000000f3980000,0x00000000f3980000)
  from space 512K, 6% used [0x00000000f6480000,0x00000000f6488000,0x00000000f6500000)
  to   space 8704K, 0% used [0x00000000f5400000,0x00000000f5400000,0x00000000f5c80000)
 ParOldGen       total 56320K, used 37189K [0x00000000c3a00000, 0x00000000c7100000, 0x00000000ebe00000)
  object space 56320K, 66% used [0x00000000c3a00000,0x00000000c5e51578,0x00000000c7100000)
 PSPermGen       total 53760K, used 26733K [0x00000000be800000, 0x00000000c1c80000, 0x00000000c3a00000)
  object space 53760K, 49% used [0x00000000be800000,0x00000000c021b7e8,0x00000000c1c80000)
GC Heap History (10 events):
Event: 5184.133 GC heap before
{Heap before GC invocations=35 (full 1):
 PSYoungGen      total 80384K, used 70464K [0x00000000ebe00000, 0x00000000f8080000, 0x0000000100000000)
  eden space 69120K, 100% used [0x00000000ebe00000,0x00000000f0180000,0x00000000f0180000)
  from space 11264K, 11% used [0x00000000f6a80000,0x00000000f6bd0000,0x00000000f7580000)
  to   space 10752K, 0% used [0x00000000f7600000,0x00000000f7600000,0x00000000f8080000)
 ParOldGen       total 56320K, used 32277K [0x00000000c3a00000, 0x00000000c7100000, 0x00000000ebe00000)
  object space 56320K, 57% used [0x00000000c3a00000,0x00000000c59856a8,0x00000000c7100000)
 PSPermGen       total 53760K, used 26695K [0x00000000be800000, 0x00000000c1c80000, 0x00000000c3a00000)
  object space 53760K, 49% used [0x00000000be800000,0x00000000c0211dd8,0x00000000c1c80000)
Event: 5184.145 GC heap after
Heap after GC invocations=35 (full 1):
 PSYoungGen      total 70144K, used 3264K [0x00000000ebe00000, 0x00000000f7980000, 0x0000000100000000)
  eden space 66560K, 0% used [0x00000000ebe00000,0x00000000ebe00000,0x00000000eff00000)
  from space 3584K, 91% used [0x00000000f7600000,0x00000000f7930000,0x00000000f7980000)
  to   space 10240K, 0% used [0x00000000f6580000,0x00000000f6580000,0x00000000f6f80000)
 ParOldGen       total 56320K, used 33591K [0x00000000c3a00000, 0x00000000c7100000, 0x00000000ebe00000)
  object space 56320K, 59% used [0x00000000c3a00000,0x00000000c5acdc48,0x00000000c7100000)
 PSPermGen       total 53760K, used 26695K [0x00000000be800000, 0x00000000c1c80000, 0x00000000c3a00000)
  object space 53760K, 49% used [0x00000000be800000,0x00000000c0211dd8,0x00000000c1c80000)
}
Event: 5192.837 GC heap before
{Heap before GC invocations=36 (full 1):
 PSYoungGen      total 70144K, used 69824K [0x00000000ebe00000, 0x00000000f7980000, 0x0000000100000000)
  eden space 66560K, 100% used [0x00000000ebe00000,0x00000000eff00000,0x00000000eff00000)
  from space 3584K, 91% used [0x00000000f7600000,0x00000000f7930000,0x00000000f7980000)
  to   space 10240K, 0% used [0x00000000f6580000,0x00000000f6580000,0x00000000f6f80000)
 ParOldGen       total 56320K, used 33591K [0x00000000c3a00000, 0x00000000c7100000, 0x00000000ebe00000)
  object space 56320K, 59% used [0x00000000c3a00000,0x00000000c5acdc48,0x00000000c7100000)
 PSPermGen       total 53760K, used 26704K [0x00000000be800000, 0x00000000c1c80000, 0x00000000c3a00000)
  object space 53760K, 49% used [0x00000000be800000,0x00000000c0214320,0x00000000c1c80000)
Event: 5192.852 GC heap after
Heap after GC invocations=36 (full 1):
 PSYoungGen      total 65024K, used 544K [0x00000000ebe00000, 0x00000000f7680000, 0x0000000100000000)
  eden space 64000K, 0% used [0x00000000ebe00000,0x00000000ebe00000,0x00000000efc80000)
  from space 1024K, 53% used [0x00000000f6580000,0x00000000f6608000,0x00000000f6680000)
  to   space 9728K, 0% used [0x00000000f6d00000,0x00000000f6d00000,0x00000000f7680000)
 ParOldGen       total 56320K, used 36697K [0x00000000c3a00000, 0x00000000c7100000, 0x00000000ebe00000)
  object space 56320K, 65% used [0x00000000c3a00000,0x00000000c5dd6468,0x00000000c7100000)
 PSPermGen       total 53760K, used 26704K [0x00000000be800000, 0x00000000c1c80000, 0x00000000c3a00000)
  object space 53760K, 49% used [0x00000000be800000,0x00000000c0214320,0x00000000c1c80000)
}
Event: 5193.246 GC heap before
{Heap before GC invocations=37 (full 1):
 PSYoungGen      total 65024K, used 64544K [0x00000000ebe00000, 0x00000000f7680000, 0x0000000100000000)
  eden space 64000K, 100% used [0x00000000ebe00000,0x00000000efc80000,0x00000000efc80000)
  from space 1024K, 53% used [0x00000000f6580000,0x00000000f6608000,0x00000000f6680000)
  to   space 9728K, 0% used [0x00000000f6d00000,0x00000000f6d00000,0x00000000f7680000)
 ParOldGen       total 56320K, used 36697K [0x00000000c3a00000, 0x00000000c7100000, 0x00000000ebe00000)
  object space 56320K, 65% used [0x00000000c3a00000,0x00000000c5dd6468,0x00000000c7100000)
 PSPermGen       total 53760K, used 26704K [0x00000000be800000, 0x00000000c1c80000, 0x00000000c3a00000)
  object space 53760K, 49% used [0x00000000be800000,0x00000000c0214320,0x00000000c1c80000)
Event: 5193.279 GC heap after
Heap after GC invocations=37 (full 1):
 PSYoungGen      total 80896K, used 96K [0x00000000ebe00000, 0x00000000f6d80000, 0x0000000100000000)
  eden space 80384K, 0% used [0x00000000ebe00000,0x00000000ebe00000,0x00000000f0c80000)
  from space 512K, 18% used [0x00000000f6d00000,0x00000000f6d18000,0x00000000f6d80000)
  to   space 9728K, 0% used [0x00000000f5a80000,0x00000000f5a80000,0x00000000f6400000)
 ParOldGen       total 56320K, used 37173K [0x00000000c3a00000, 0x00000000c7100000, 0x00000000ebe00000)
  object space 56320K, 66% used [0x00000000c3a00000,0x00000000c5e4d578,0x00000000c7100000)
 PSPermGen       total 53760K, used 26704K [0x00000000be800000, 0x00000000c1c80000, 0x00000000c3a00000)
  object space 53760K, 49% used [0x00000000be800000,0x00000000c0214320,0x00000000c1c80000)
}
Event: 5193.919 GC heap before
{Heap before GC invocations=38 (full 1):
 PSYoungGen      total 80896K, used 80480K [0x00000000ebe00000, 0x00000000f6d80000, 0x0000000100000000)
  eden space 80384K, 100% used [0x00000000ebe00000,0x00000000f0c80000,0x00000000f0c80000)
  from space 512K, 18% used [0x00000000f6d00000,0x00000000f6d18000,0x00000000f6d80000)
  to   space 9728K, 0% used [0x00000000f5a80000,0x00000000f5a80000,0x00000000f6400000)
 ParOldGen       total 56320K, used 37173K [0x00000000c3a00000, 0x00000000c7100000, 0x00000000ebe00000)
  object space 56320K, 66% used [0x00000000c3a00000,0x00000000c5e4d578,0x00000000c7100000)
 PSPermGen       total 53760K, used 26704K [0x00000000be800000, 0x00000000c1c80000, 0x00000000c3a00000)
  object space 53760K, 49% used [0x00000000be800000,0x00000000c0214320,0x00000000c1c80000)
Event: 5193.924 GC heap after
Heap after GC invocations=38 (full 1):
 PSYoungGen      total 110592K, used 32K [0x00000000ebe00000, 0x00000000f6d80000, 0x0000000100000000)
  eden space 100864K, 0% used [0x00000000ebe00000,0x00000000ebe00000,0x00000000f2080000)
  from space 9728K, 0% used [0x00000000f5a80000,0x00000000f5a88000,0x00000000f6400000)
  to   space 9216K, 0% used [0x00000000f6480000,0x00000000f6480000,0x00000000f6d80000)
 ParOldGen       total 56320K, used 37181K [0x00000000c3a00000, 0x00000000c7100000, 0x00000000ebe00000)
  object space 56320K, 66% used [0x00000000c3a00000,0x00000000c5e4f578,0x00000000c7100000)
 PSPermGen       total 53760K, used 26704K [0x00000000be800000, 0x00000000c1c80000, 0x00000000c3a00000)
  object space 53760K, 49% used [0x00000000be800000,0x00000000c0214320,0x00000000c1c80000)
}
Event: 5194.495 GC heap before
{Heap before GC invocations=39 (full 1):
 PSYoungGen      total 110592K, used 100896K [0x00000000ebe00000, 0x00000000f6d80000, 0x0000000100000000)
  eden space 100864K, 100% used [0x00000000ebe00000,0x00000000f2080000,0x00000000f2080000)
  from space 9728K, 0% used [0x00000000f5a80000,0x00000000f5a88000,0x00000000f6400000)
  to   space 9216K, 0% used [0x00000000f6480000,0x00000000f6480000,0x00000000f6d80000)
 ParOldGen       total 56320K, used 37181K [0x00000000c3a00000, 0x00000000c7100000, 0x00000000ebe00000)
  object space 56320K, 66% used [0x00000000c3a00000,0x00000000c5e4f578,0x00000000c7100000)
 PSPermGen       total 53760K, used 26706K [0x00000000be800000, 0x00000000c1c80000, 0x00000000c3a00000)
  object space 53760K, 49% used [0x00000000be800000,0x00000000c0214820,0x00000000c1c80000)
Event: 5194.498 GC heap after
Heap after GC invocations=39 (full 1):
 PSYoungGen      total 126976K, used 32K [0x00000000ebe00000, 0x00000000f6500000, 0x0000000100000000)
  eden space 126464K, 0% used [0x00000000ebe00000,0x00000000ebe00000,0x00000000f3980000)
  from space 512K, 6% used [0x00000000f6480000,0x00000000f6488000,0x00000000f6500000)
  to   space 8704K, 0% used [0x00000000f5400000,0x00000000f5400000,0x00000000f5c80000)
 ParOldGen       total 56320K, used 37189K [0x00000000c3a00000, 0x00000000c7100000, 0x00000000ebe00000)
  object space 56320K, 66% used [0x00000000c3a00000,0x00000000c5e51578,0x00000000c7100000)
 PSPermGen       total 53760K, used 26706K [0x00000000be800000, 0x00000000c1c80000, 0x00000000c3a00000)
  object space 53760K, 49% used [0x00000000be800000,0x00000000c0214820,0x00000000c1c80000)
}

