# JRE version: Java(TM) SE Runtime Environment (7.0_67-b01) (build 1.7.0_67-b01)
# Java VM: Java HotSpot(TM) 64-Bit Server VM (24.65-b04 mixed mode linux-amd64 compressed oops)
Heap
 PSYoungGen      total 129536K, used 129511K [0x00000000ebe00000, 0x00000000f4700000, 0x0000000100000000)
  eden space 124928K, 100% used [0x00000000ebe00000,0x00000000f3800000,0x00000000f3800000)
  from space 4608K, 99% used [0x00000000f3e80000,0x00000000f42f9c80,0x00000000f4300000)
  to   space 6656K, 0% used [0x00000000f3800000,0x00000000f3800000,0x00000000f3e80000)
 ParOldGen       total 40960K, used 10102K [0x00000000c3a00000, 0x00000000c6200000, 0x00000000ebe00000)
  object space 40960K, 24% used [0x00000000c3a00000,0x00000000c43dda60,0x00000000c6200000)
 PSPermGen       total 24064K, used 23876K [0x00000000be800000, 0x00000000bff80000, 0x00000000c3a00000)
  object space 24064K, 99% used [0x00000000be800000,0x00000000bff513e0,0x00000000bff80000)
GC Heap History (10 events):
Event: 13.132 GC heap before
{Heap before GC invocations=4 (full 0):
 PSYoungGen      total 18432K, used 18429K [0x00000000ebe00000, 0x00000000ee200000, 0x0000000100000000)
  eden space 15872K, 100% used [0x00000000ebe00000,0x00000000ecd80000,0x00000000ecd80000)
  from space 2560K, 99% used [0x00000000ecd80000,0x00000000ecfff520,0x00000000ed000000)
  to   space 2560K, 0% used [0x00000000edf80000,0x00000000edf80000,0x00000000ee200000)
 ParOldGen       total 40960K, used 2877K [0x00000000c3a00000, 0x00000000c6200000, 0x00000000ebe00000)
  object space 40960K, 7% used [0x00000000c3a00000,0x00000000c3ccf468,0x00000000c6200000)
 PSPermGen       total 21504K, used 12237K [0x00000000be800000, 0x00000000bfd00000, 0x00000000c3a00000)
  object space 21504K, 56% used [0x00000000be800000,0x00000000bf3f3738,0x00000000bfd00000)
Event: 13.156 GC heap after
Heap after GC invocations=4 (full 0):
 PSYoungGen      total 34304K, used 2542K [0x00000000ebe00000, 0x00000000ee200000, 0x0000000100000000)
  eden space 31744K, 0% used [0x00000000ebe00000,0x00000000ebe00000,0x00000000edd00000)
  from space 2560K, 99% used [0x00000000edf80000,0x00000000ee1fb838,0x00000000ee200000)
  to   space 2560K, 0% used [0x00000000edd00000,0x00000000edd00000,0x00000000edf80000)
 ParOldGen       total 40960K, used 3578K [0x00000000c3a00000, 0x00000000c6200000, 0x00000000ebe00000)
  object space 40960K, 8% used [0x00000000c3a00000,0x00000000c3d7e958,0x00000000c6200000)
 PSPermGen       total 21504K, used 12237K [0x00000000be800000, 0x00000000bfd00000, 0x00000000c3a00000)
  object space 21504K, 56% used [0x00000000be800000,0x00000000bf3f3738,0x00000000bfd00000)
}
Event: 14.823 GC heap before
{Heap before GC invocations=5 (full 0):
 PSYoungGen      total 34304K, used 34286K [0x00000000ebe00000, 0x00000000ee200000, 0x0000000100000000)
  eden space 31744K, 100% used [0x00000000ebe00000,0x00000000edd00000,0x00000000edd00000)
  from space 2560K, 99% used [0x00000000edf80000,0x00000000ee1fb838,0x00000000ee200000)
  to   space 2560K, 0% used [0x00000000edd00000,0x00000000edd00000,0x00000000edf80000)
 ParOldGen       total 40960K, used 3578K [0x00000000c3a00000, 0x00000000c6200000, 0x00000000ebe00000)
  object space 40960K, 8% used [0x00000000c3a00000,0x00000000c3d7e958,0x00000000c6200000)
 PSPermGen       total 21504K, used 13150K [0x00000000be800000, 0x00000000bfd00000, 0x00000000c3a00000)
  object space 21504K, 61% used [0x00000000be800000,0x00000000bf4d79a8,0x00000000bfd00000)
Event: 14.850 GC heap after
Heap after GC invocations=5 (full 0):
 PSYoungGen      total 34304K, used 2546K [0x00000000ebe00000, 0x00000000f0600000, 0x0000000100000000)
  eden space 31744K, 0% used [0x00000000ebe00000,0x00000000ebe00000,0x00000000edd00000)
  from space 2560K, 99% used [0x00000000edd00000,0x00000000edf7ca60,0x00000000edf80000)
  to   space 5120K, 0% used [0x00000000f0100000,0x00000000f0100000,0x00000000f0600000)
 ParOldGen       total 40960K, used 4986K [0x00000000c3a00000, 0x00000000c6200000, 0x00000000ebe00000)
  object space 40960K, 12% used [0x00000000c3a00000,0x00000000c3edea00,0x00000000c6200000)
 PSPermGen       total 21504K, used 13150K [0x00000000be800000, 0x00000000bfd00000, 0x00000000c3a00000)
  object space 21504K, 61% used [0x00000000be800000,0x00000000bf4d79a8,0x00000000bfd00000)
}
Event: 15.899 GC heap before
{Heap before GC invocations=6 (full 0):
 PSYoungGen      total 34304K, used 34290K [0x00000000ebe00000, 0x00000000f0600000, 0x0000000100000000)
  eden space 31744K, 100% used [0x00000000ebe00000,0x00000000edd00000,0x00000000edd00000)
  from space 2560K, 99% used [0x00000000edd00000,0x00000000edf7ca60,0x00000000edf80000)
  to   space 5120K, 0% used [0x00000000f0100000,0x00000000f0100000,0x00000000f0600000)
 ParOldGen       total 40960K, used 4986K [0x00000000c3a00000, 0x00000000c6200000, 0x00000000ebe00000)
  object space 40960K, 12% used [0x00000000c3a00000,0x00000000c3edea00,0x00000000c6200000)
 PSPermGen       total 21504K, used 13271K [0x00000000be800000, 0x00000000bfd00000, 0x00000000c3a00000)
  object space 21504K, 61% used [0x00000000be800000,0x00000000bf4f5c78,0x00000000bfd00000)
Event: 15.933 GC heap after
Heap after GC invocations=6 (full 0):
 PSYoungGen      total 68608K, used 3803K [0x00000000ebe00000, 0x00000000f0600000, 0x0000000100000000)
  eden space 63488K, 0% used [0x00000000ebe00000,0x00000000ebe00000,0x00000000efc00000)
  from space 5120K, 74% used [0x00000000f0100000,0x00000000f04b6dc8,0x00000000f0600000)
  to   space 5120K, 0% used [0x00000000efc00000,0x00000000efc00000,0x00000000f0100000)
 ParOldGen       total 40960K, used 4986K [0x00000000c3a00000, 0x00000000c6200000, 0x00000000ebe00000)
  object space 40960K, 12% used [0x00000000c3a00000,0x00000000c3edea00,0x00000000c6200000)
 PSPermGen       total 21504K, used 13271K [0x00000000be800000, 0x00000000bfd00000, 0x00000000c3a00000)
  object space 21504K, 61% used [0x00000000be800000,0x00000000bf4f5c78,0x00000000bfd00000)
}
Event: 18.501 GC heap before
{Heap before GC invocations=7 (full 0):
 PSYoungGen      total 68608K, used 67291K [0x00000000ebe00000, 0x00000000f0600000, 0x0000000100000000)
  eden space 63488K, 100% used [0x00000000ebe00000,0x00000000efc00000,0x00000000efc00000)
  from space 5120K, 74% used [0x00000000f0100000,0x00000000f04b6dc8,0x00000000f0600000)
  to   space 5120K, 0% used [0x00000000efc00000,0x00000000efc00000,0x00000000f0100000)
 ParOldGen       total 40960K, used 4986K [0x00000000c3a00000, 0x00000000c6200000, 0x00000000ebe00000)
  object space 40960K, 12% used [0x00000000c3a00000,0x00000000c3edea00,0x00000000c6200000)
 PSPermGen       total 21504K, used 13548K [0x00000000be800000, 0x00000000bfd00000, 0x00000000c3a00000)
  object space 21504K, 63% used [0x00000000be800000,0x00000000bf53b120,0x00000000bfd00000)
Event: 18.529 GC heap after
Heap after GC invocations=7 (full 0):
 PSYoungGen      total 68608K, used 3464K [0x00000000ebe00000, 0x00000000f4300000, 0x0000000100000000)
  eden space 63488K, 0% used [0x00000000ebe00000,0x00000000ebe00000,0x00000000efc00000)
  from space 5120K, 67% used [0x00000000efc00000,0x00000000eff62370,0x00000000f0100000)
  to   space 4608K, 0% used [0x00000000f3e80000,0x00000000f3e80000,0x00000000f4300000)
 ParOldGen       total 40960K, used 6552K [0x00000000c3a00000, 0x00000000c6200000, 0x00000000ebe00000)
  object space 40960K, 15% used [0x00000000c3a00000,0x00000000c40660b8,0x00000000c6200000)
 PSPermGen       total 21504K, used 13548K [0x00000000be800000, 0x00000000bfd00000, 0x00000000c3a00000)
  object space 21504K, 63% used [0x00000000be800000,0x00000000bf53b120,0x00000000bfd00000)
}
Event: 157.133 GC heap before
{Heap before GC invocations=8 (full 0):
 PSYoungGen      total 68608K, used 66952K [0x00000000ebe00000, 0x00000000f4300000, 0x0000000100000000)
  eden space 63488K, 100% used [0x00000000ebe00000,0x00000000efc00000,0x00000000efc00000)
  from space 5120K, 67% used [0x00000000efc00000,0x00000000eff62370,0x00000000f0100000)
  to   space 4608K, 0% used [0x00000000f3e80000,0x00000000f3e80000,0x00000000f4300000)
 ParOldGen       total 40960K, used 6552K [0x00000000c3a00000, 0x00000000c6200000, 0x00000000ebe00000)
  object space 40960K, 15% used [0x00000000c3a00000,0x00000000c40660b8,0x00000000c6200000)
 PSPermGen       total 21504K, used 20292K [0x00000000be800000, 0x00000000bfd00000, 0x00000000c3a00000)
  object space 21504K, 94% used [0x00000000be800000,0x00000000bfbd13e8,0x00000000bfd00000)
Event: 157.166 GC heap after
Heap after GC invocations=8 (full 0):
 PSYoungGen      total 129536K, used 4583K [0x00000000ebe00000, 0x00000000f4700000, 0x0000000100000000)
  eden space 124928K, 0% used [0x00000000ebe00000,0x00000000ebe00000,0x00000000f3800000)
  from space 4608K, 99% used [0x00000000f3e80000,0x00000000f42f9c80,0x00000000f4300000)
  to   space 6656K, 0% used [0x00000000f3800000,0x00000000f3800000,0x00000000f3e80000)
 ParOldGen       total 40960K, used 10102K [0x00000000c3a00000, 0x00000000c6200000, 0x00000000ebe00000)
  object space 40960K, 24% used [0x00000000c3a00000,0x00000000c43dda60,0x00000000c6200000)
 PSPermGen       total 21504K, used 20292K [0x00000000be800000, 0x00000000bfd00000, 0x00000000c3a00000)
  object space 21504K, 94% used [0x00000000be800000,0x00000000bfbd13e8,0x00000000bfd00000)
}

